SF:lib\features\number_trivia\data\models\number_trivia_model.dart
DA:7,0
DA:10,0
DA:13,0
DA:16,0
LF:4
LH:0
end_of_record
SF:lib\features\number_trivia\domain\entities\number_trivia.dart
DA:7,2
DA:10,0
DA:11,0
LF:3
LH:1
end_of_record
SF:lib\core\exceptions\failuers.dart
DA:5,0
DA:7,0
DA:8,0
LF:3
LH:0
end_of_record
SF:lib\core\usecases\usecase.dart
DA:10,0
DA:11,0
LF:2
LH:0
end_of_record
SF:lib\features\number_trivia\domain\usecases\get_converete_number_trivia_usecase.dart
DA:11,1
DA:14,1
DA:15,4
DA:22,1
DA:24,0
DA:25,0
LF:6
LH:4
end_of_record
SF:lib\features\number_trivia\domain\usecases\get_random_number_trivia_usecase.dart
DA:10,1
DA:12,1
DA:13,3
LF:3
LH:3
end_of_record
