SF:lib\core\platform\networrk_info.dart
DA:8,1
DA:10,1
DA:11,2
LF:3
LH:3
end_of_record
SF:lib\features\number_trivia\data\datasources\number_trivia_locale_data_source.dart
DA:18,1
DA:21,1
DA:22,2
DA:24,3
DA:26,1
DA:30,1
DA:32,2
DA:34,2
LF:8
LH:8
end_of_record
SF:lib\features\number_trivia\data\models\number_trivia_model.dart
DA:4,6
DA:7,3
DA:9,3
DA:10,3
DA:11,3
DA:12,6
DA:15,2
DA:16,2
DA:17,2
DA:18,2
LF:10
LH:10
end_of_record
SF:lib\features\number_trivia\domain\entities\number_trivia.dart
DA:7,8
DA:10,3
DA:11,9
LF:3
LH:3
end_of_record
SF:lib\features\number_trivia\data\datasources\number_trivia_remote_data_source.dart
DA:17,1
DA:20,1
DA:21,6
DA:24,3
DA:27,0
DA:30,0
LF:6
LH:4
end_of_record
SF:lib\core\exceptions\failuers.dart
DA:5,1
DA:6,1
DA:7,1
LF:3
LH:3
end_of_record
SF:lib\features\number_trivia\data\repositories\number_trivia_repository_impl.dart
DA:18,1
DA:25,1
DA:27,2
DA:28,3
DA:32,1
DA:33,2
DA:34,3
DA:37,1
DA:39,3
DA:41,2
DA:42,3
DA:43,1
DA:44,1
DA:45,2
DA:49,3
DA:50,1
DA:51,1
DA:52,2
LF:18
LH:18
end_of_record
SF:lib\core\usecases\usecase.dart
DA:10,0
DA:11,0
LF:2
LH:0
end_of_record
SF:lib\features\number_trivia\domain\usecases\get_converete_number_trivia_usecase.dart
DA:11,1
DA:14,1
DA:15,4
DA:22,1
DA:24,0
DA:25,0
LF:6
LH:4
end_of_record
SF:lib\features\number_trivia\domain\usecases\get_random_number_trivia_usecase.dart
DA:10,1
DA:12,1
DA:13,3
LF:3
LH:3
end_of_record
